<?xml version="1.0" encoding="UTF-8"?>
<robot generator="Robot 7.0 (Python 3.12.0 on win32)" generated="2024-03-23T19:23:43.559217" rpa="false" schemaversion="5">
<suite id="s1" name="validatingRobot" source="d:\robotframework\robot1\validatingRobot.robot">
<test id="s1-t1" name="Visitar google" line="9">
<kw name="Open Browser">
<msg time="2024-03-23T19:23:43.591217" level="FAIL">No keyword with name 'Open Browser' found.</msg>
<status status="FAIL" start="2024-03-23T19:23:43.591217" elapsed="0.001003">No keyword with name 'Open Browser' found.</status>
</kw>
<kw name="Sleep" owner="BuiltIn">
<arg>5s</arg>
<doc>Pauses the test executed for the given time.</doc>
<status status="NOT RUN" start="2024-03-23T19:23:43.592220" elapsed="0.000000"/>
</kw>
<kw name="Close Browser" type="TEARDOWN">
<msg time="2024-03-23T19:23:43.594223" level="FAIL">No keyword with name 'Close Browser' found.</msg>
<status status="FAIL" start="2024-03-23T19:23:43.594223" elapsed="0.000000">No keyword with name 'Close Browser' found.</status>
</kw>
<status status="FAIL" start="2024-03-23T19:23:43.589218" elapsed="0.006003">No keyword with name 'Open Browser' found.

Also teardown failed:
No keyword with name 'Close Browser' found.</status>
</test>
<status status="FAIL" start="2024-03-23T19:23:43.564219" elapsed="0.033001"/>
</suite>
<statistics>
<total>
<stat pass="0" fail="1" skip="0">All Tests</stat>
</total>
<tag>
</tag>
<suite>
<stat pass="0" fail="1" skip="0" id="s1" name="validatingRobot">validatingRobot</stat>
</suite>
</statistics>
<errors>
<msg time="2024-03-23T19:23:43.586218" level="ERROR">Error in file 'd:\robotframework\robot1\validatingRobot.robot' on line 2: Importing library 'SeleniumLibrary' failed: ModuleNotFoundError: No module named 'SeleniumLibrary'
Traceback (most recent call last):
  None
PYTHONPATH:
  c:\Users\dsans\.vscode\extensions\robocorp.robotframework-lsp-1.11.0\src\robotframework_debug_adapter
  D:\robotframework\robot1
  c:\Users\dsans\.vscode\extensions\robocorp.robotframework-lsp-1.11.0\src
  c:\Users\dsans\.vscode\extensions\robocorp.robotframework-lsp-1.11.0\src\robotframework_ls\vendored
  C:\Users\dsans\AppData\Local\Programs\Python\Python312-32\python312.zip
  C:\Users\dsans\AppData\Local\Programs\Python\Python312-32\DLLs
  C:\Users\dsans\AppData\Local\Programs\Python\Python312-32\Lib
  C:\Users\dsans\AppData\Local\Programs\Python\Python312-32
  C:\Users\dsans\AppData\Local\Programs\Python\Python312-32\Lib\site-packages</msg>
</errors>
</robot>
